
**********************************************************************************************************************************************************
**********************************************************************************************************************************************************
2023-05-26_07:50 -  🟣🟣🟣 Starting IBMAIOpsDemoContent Install - ibm-aiops-install-demo-content
---------------------------------------------------------------------------------------------------------------------------------------------------
2023-05-26_07:50 - Installing Prerequisites
---------------------------------------------------------------------------------------------------------------------------------------------------
2023-05-26_07:50 - Global Storage Classes for IBMAIOPS installation:
2023-05-26_07:50 -  IBMAIOPS Storage Class File:          ocs-storagecluster-cephfs
2023-05-26_07:50 -  IBMAIOPS Storage Class Large Block:   ocs-storagecluster-ceph-rbd
---------------------------------------------------------------------------------------------------------------------------------------------------
2023-05-26_07:50 - Create IBM AIOps Application
---------------------------------------------------------------------------------------------------------------------------------------------------
2023-05-26_07:50 - Create IBM AIOps Application
---------------------------------------------------------------------------------------------------------------------------------------------------
2023-05-26_07:51 - Check if Training Exists
2023-05-26_07:51 - Training exists: False
---------------------------------------------------------------------------------------------------------------------------------------------------
2023-05-26_07:51 - Create Openshift WebConsole Menu Item
---------------------------------------------------------------------------------------------------------------------------------------------------
2023-05-26_07:52 - Create Openshift WebConsole Menu Item
---------------------------------------------------------------------------------------------------------------------------------------------------
2023-05-26_07:52 -  🌏 Update IBMAIOps Cards
2023-05-26_07:53 -  🟣🟣✅ Done IBMAIOpsDemoContent Install - ibm-aiops-install-demo-content
**********************************************************************************************************************************************************
**********************************************************************************************************************************************************

