
**********************************************************************************************************************************************************
**********************************************************************************************************************************************************
2023-05-25_20:28 -  🟣🟣🟣 Starting IBMAIOps Install - ibm-aiops-install-instance
---------------------------------------------------------------------------------------------------------------------------------------------------
2023-05-25_20:28 - Initializing Installer
---------------------------------------------------------------------------------------------------------------------------------------------------
2023-05-25_20:28 - Installing Prerequisites
---------------------------------------------------------------------------------------------------------------------------------------------------
2023-05-25_20:29 - Global Storage Classes for IBMAIOPS installation:
2023-05-25_20:29 -  IBMAIOPS Storage Class File:          ocs-storagecluster-cephfs
2023-05-25_20:29 -  IBMAIOPS Storage Class Large Block:   ocs-storagecluster-ceph-rbd
---------------------------------------------------------------------------------------------------------------------------------------------------
2023-05-25_20:29 - Installing Prerequisites
---------------------------------------------------------------------------------------------------------------------------------------------------
2023-05-25_20:29 - Installing IBM CatalogSource - Online
---------------------------------------------------------------------------------------------------------------------------------------------------
2023-05-25_20:29 - Installing IBM AIOPS Operator
---------------------------------------------------------------------------------------------------------------------------------------------------
2023-05-25_20:29 -  🕦 Wait for CSVs to become ready
2023-05-25_20:34 -  ✅ CSVs are ready
---------------------------------------------------------------------------------------------------------------------------------------------------
2023-05-25_20:34 - Create Feature Flags Definition
---------------------------------------------------------------------------------------------------------------------------------------------------
2023-05-25_20:34 - Installing IBM AIOps Instance
---------------------------------------------------------------------------------------------------------------------------------------------------
2023-05-25_20:34 -  🕦 Wait for Common Services to become ready
