
Launching defaultServer (WebSphere Application Server 22.0.0.12/wlp-1.0.71.cl221220221107-1900) on Eclipse OpenJ9 VM, version 11.0.18+10 (en_US)
[AUDIT   ] CWWKE0001I: The server defaultServer has been launched.
[AUDIT   ] CWWKG0093A: Processing configuration drop-ins resource: /opt/ibm/wlp/usr/servers/defaultServer/configDropins/defaults/keystore.xml
[AUDIT   ] CWWKG0093A: Processing configuration drop-ins resource: /opt/ibm/wlp/usr/servers/defaultServer/configDropins/overrides/server.xml
[5/10/23, 8:54:29:770 UTC] 00000001 FrameworkMana I   CWWKE0002I: The kernel started after 1.891 seconds
[5/10/23, 8:54:29:774 UTC] 00000027 FeatureManage I   CWWKF0007I: Feature update started.
[5/10/23, 8:54:29:890 UTC] 00000027 ConfigValidat A   CWWKG0102I: Found conflicting settings for defaultKeyStore instance of keyStore configuration.
  Property password has conflicting values:
    Secure value is set in file:/opt/ibm/wlp/usr/servers/defaultServer/configDropins/defaults/keystore.xml.
    Secure value is set in file:/opt/ibm/wlp/usr/servers/defaultServer/configDropins/overrides/server.xml.
  Property password will be set to the value defined in file:/opt/ibm/wlp/usr/servers/defaultServer/configDropins/overrides/server.xml.

[5/10/23, 8:54:30:165 UTC] 0000001e DropinMonitor A   CWWKZ0058I: Monitoring dropins for applications.
[5/10/23, 8:54:31:247 UTC] 0000002a AppMessageHel I   CWWKZ0018I: Starting application ibmaiops-grpc-impact-client.
[5/10/23, 8:54:31:249 UTC] 0000002a WARDeployedAp I   CWWKZ0136I: The ibmaiops-grpc-impact-client application is using the archive file at the /opt/ibm/wlp/usr/servers/defaultServer/apps/ibmaiops-grpc-impact-client.war location.
[5/10/23, 8:54:31:649 UTC] 00000021 WSKeyStore    I   Successfully loaded default keystore: /opt/cert/keystore.p12 of type: PKCS12
[5/10/23, 8:54:31:858 UTC] 00000028 WebGroup      I   SRVE0169I: Loading Web Module: health.
[5/10/23, 8:54:31:936 UTC] 00000028 webcontainer  I com.ibm.ws.webcontainer.osgi.DynamicVirtualHost addWebApplication SRVE0250I: Web Module health has been bound to default_host.
[5/10/23, 8:54:31:938 UTC] 00000028 VirtualHostIm A   CWWKT0016I: Web application available (default_host): http://ibm-grpc-impact-connector-1fd007d1-a141-4e51-a1c9-5e2fd44awpgbt:9080/health/
[5/10/23, 8:54:32:046 UTC] 00000028 WASSessionCor I SessionMgrComponentImpl initialize SESN8501I: The session manager did not find a persistent storage location; HttpSession objects will be stored in the local application server's memory.
[5/10/23, 8:54:32:143 UTC] 00000029 WASSessionCor I SessionContextRegistryImpl getSessionContext SESN0176I: A new session context will be created for application key default_host/health
[5/10/23, 8:54:32:146 UTC] 00000029 util          I IDGeneratorImpl IDGeneratorImpl SESN0172I: The session manager is using the Java default SecureRandom implementation for session ID generation.
[5/10/23, 8:54:32:433 UTC] 00000029 servlet       I com.ibm.ws.webcontainer.servlet.ServletWrapper init SRVE0242I: [io.openliberty.microprofile.health.3.1.internal] [/health] [HealthCheckReadinessServlet]: Initialization successful.
[5/10/23, 8:54:32:435 UTC] 00000029 servlet       I com.ibm.ws.webcontainer.servlet.ServletWrapper init SRVE0242I: [io.openliberty.microprofile.health.3.1.internal] [/health] [HealthCheckServlet]: Initialization successful.
[5/10/23, 8:54:32:436 UTC] 00000029 servlet       I com.ibm.ws.webcontainer.servlet.ServletWrapper init SRVE0242I: [io.openliberty.microprofile.health.3.1.internal] [/health] [HealthCheckStartupServlet]: Initialization successful.
[5/10/23, 8:54:32:437 UTC] 00000029 servlet       I com.ibm.ws.webcontainer.servlet.ServletWrapper init SRVE0242I: [io.openliberty.microprofile.health.3.1.internal] [/health] [HealthCheckLivenessServlet]: Initialization successful.
[5/10/23, 8:54:32:955 UTC] 00000028 PluginGenerat I   SRVE9103I: A configuration file for a web server plugin was automatically generated for this server at /opt/ibm/wlp/output/defaultServer/logs/state/plugin-cfg.xml.
[5/10/23, 8:54:33:560 UTC] 0000002a Version       I org.jboss.weld.bootstrap.WeldStartup <clinit> WELD-000900: 3.1.9 (Final)
[5/10/23, 8:54:35:206 UTC] 0000002a WebGroup      I   SRVE0169I: Loading Web Module: ibmaiops-grpc-impact-client.
[5/10/23, 8:54:35:207 UTC] 0000002a webcontainer  I com.ibm.ws.webcontainer.osgi.DynamicVirtualHost addWebApplication SRVE0250I: Web Module ibmaiops-grpc-impact-client has been bound to default_host.
[5/10/23, 8:54:35:207 UTC] 0000002a VirtualHostIm A   CWWKT0016I: Web application available (default_host): http://ibm-grpc-impact-connector-1fd007d1-a141-4e51-a1c9-5e2fd44awpgbt:9080/
[5/10/23, 8:54:35:210 UTC] 00000028 WASSessionCor I SessionContextRegistryImpl getSessionContext SESN0176I: A new session context will be created for application key default_host/
[5/10/23, 8:54:35:210 UTC] 00000028 util          I IDGeneratorImpl IDGeneratorImpl SESN0172I: The session manager is using the Java default SecureRandom implementation for session ID generation.
[5/10/23, 8:54:35:259 UTC] 00000029 PluginGenerat I   SRVE9103I: A configuration file for a web server plugin was automatically generated for this server at /opt/ibm/wlp/output/defaultServer/logs/state/plugin-cfg.xml.
[5/10/23, 8:54:35:339 UTC] 00000028 ConnectorMana I   Init KafkaHelper
[5/10/23, 8:54:35:340 UTC] 00000028 ConnectorMana W   KAFKA_BOOTSTRAP_SERVERS environment variable does not exist
[5/10/23, 8:54:35:340 UTC] 00000028 ConnectorMana W   KAFKA_SCRAM_PASSWORD_PATH environment variable does not exist
[5/10/23, 8:54:35:340 UTC] 00000028 ConnectorMana W   KAFKA_TRUSTSTORE_PASSWORD_PATH environment variable does not exist
[5/10/23, 8:54:35:340 UTC] 00000028 ConnectorMana W   KAFKA_TRUSTSTORE_PATH environment variable does not exist
[5/10/23, 8:54:35:340 UTC] 00000028 ConnectorMana W   KAFKA_PROD_ACKS environment variable does not exist
[5/10/23, 8:54:35:340 UTC] 00000028 ConnectorMana W   KAFKA_PROD_BATCH_SIZE environment variable does not exist
[5/10/23, 8:54:35:341 UTC] 00000028 ConnectorMana W   KAFKA_PROD_LINGER_MS environment variable does not exist
[5/10/23, 8:54:35:341 UTC] 00000028 ConnectorMana W   KAFKA_PROD_COMPRESSION_TYPE environment variable does not exist
[5/10/23, 8:54:35:341 UTC] 00000028 ConnectorMana W   KAFKA_PROD_BUFFER_MEMORY environment variable does not exist
[5/10/23, 8:54:35:342 UTC] 00000028 ConnectorMana I   isDirectToKafkaSupported: false
[5/10/23, 8:54:35:347 UTC] 00000028 ContextListen I   connector manager initializing
[5/10/23, 8:54:35:489 UTC] 00000028 ConnectorMana I   custom server certificate provided
[5/10/23, 8:54:35:500 UTC] 00000028 ConnectorMana I   client certificate and key provided
[5/10/23, 8:54:35:580 UTC] 00000028 SystemErr     R   SLF4J: Failed to load class "org.slf4j.impl.StaticLoggerBinder".
[5/10/23, 8:54:35:581 UTC] 00000028 SystemErr     R   SLF4J: Defaulting to no-operation (NOP) logger implementation
[5/10/23, 8:54:35:581 UTC] 00000028 SystemErr     R   SLF4J: See http://www.slf4j.org/codes.html#StaticLoggerBinder for further details.
[5/10/23, 8:54:37:045 UTC] 00000028 CloudEventPro I   CloudEventProducer created
[5/10/23, 8:54:37:058 UTC] 00000039 CloudEventPro I   no produce topics setup, queued events will not be sent until topics have been configured
[5/10/23, 8:54:37:058 UTC] 00000038 StandardConne I   starting manager
[5/10/23, 8:54:37:059 UTC] 00000038 StandardConne I   starting configuration stream
[5/10/23, 8:54:37:061 UTC] 00000028 AppMessageHel A   CWWKZ0001I: Application ibmaiops-grpc-impact-client started in 5.814 seconds.
[5/10/23, 8:54:37:077 UTC] 00000027 TCPPort       I   CWWKO0219I: TCP Channel defaultHttpEndpoint has been started and is now listening for requests on host *  (IPv6) port 9080.
[5/10/23, 8:54:37:078 UTC] 00000027 TCPPort       I   CWWKO0219I: TCP Channel defaultHttpEndpoint-ssl has been started and is now listening for requests on host *  (IPv6) port 9443.
[5/10/23, 8:54:37:084 UTC] 00000027 FeatureManage A   CWWKF0012I: The server installed the following features: [cdi-2.0, jndi-1.0, json-1.0, mpConfig-2.0, mpHealth-3.1, servlet-4.0, ssl-1.0].
[5/10/23, 8:54:37:085 UTC] 00000027 FeatureManage I   CWWKF0008I: Feature update completed in 7.319 seconds.
[5/10/23, 8:54:37:132 UTC] 00000027 FeatureManage A   CWWKF0011I: The defaultServer server is ready to run a smarter planet. The defaultServer server started in 9.254 seconds.
[5/10/23, 8:54:37:993 UTC] 0000003b ConnectorCred I   client id and secret provided
